android/app/build/intermediates/manifest_merge_blame_file/debug/processDebugMainManifest/manifest-merger-blame-debug-report.txt
1<?xml version="1.0" encoding="utf-8"?>
2<manifest xmlns:android="http://schemas.android.com/apk/res/android"
3    package="com.chiuko.tennisplay"
4    android:versionCode="1"
5    android:versionName="1.0" >
6
7    <uses-sdk
8        android:minSdkVersion="24"
9        android:targetSdkVersion="35" />
10
11    <!-- Permissions -->
12
13    <uses-permission android:name="android.permission.INTERNET" />
13-->src\main\AndroidManifest.xml:36:5-67
13-->src\main\AndroidManifest.xml:36:22-64
14
15    <queries>
15-->[:capacitor-camera] AndroidManifest.xml:7:5-11:15
16        <intent>
16-->[:capacitor-camera] AndroidManifest.xml:8:9-10:18
17            <action android:name="android.media.action.IMAGE_CAPTURE" />
17-->[:capacitor-camera] AndroidManifest.xml:9:13-73
17-->[:capacitor-camera] AndroidManifest.xml:9:21-70
18        </intent>
19
20        <package android:name="jp.naver.line.android" />
20-->[com.linecorp.linesdk:linesdk:5.11.1] AndroidManifest.xml:10:9-57
20-->[com.linecorp.linesdk:linesdk:5.11.1] AndroidManifest.xml:10:18-54
21
22        <intent>
22-->[com.linecorp.linesdk:linesdk:5.11.1] AndroidManifest.xml:12:9-18:18
23            <action android:name="android.intent.action.VIEW" />
23-->[:aile-capacitor-line-login] AndroidManifest.xml:25:17-69
23-->[:aile-capacitor-line-login] AndroidManifest.xml:25:25-66
24
25            <category android:name="android.intent.category.BROWSABLE" />
25-->[:aile-capacitor-line-login] AndroidManifest.xml:28:17-78
25-->[:aile-capacitor-line-login] AndroidManifest.xml:28:27-75
26
27            <data android:scheme="https" />
27-->[:aile-capacitor-line-login] AndroidManifest.xml:30:17-32:46
27-->[:aile-capacitor-line-login] AndroidManifest.xml:32:21-43
28        </intent>
29    </queries>
30
31    <uses-permission android:name="android.permission.VIBRATE" />
31-->[:capacitor-haptics] AndroidManifest.xml:7:5-66
31-->[:capacitor-haptics] AndroidManifest.xml:7:22-63
32    <uses-permission android:name="android.permission.ACCESS_NETWORK_STATE" />
32-->[io.ionic.libs:iongeolocation-android:2.1.0] AndroidManifest.xml:7:5-79
32-->[io.ionic.libs:iongeolocation-android:2.1.0] AndroidManifest.xml:7:22-76
33    <uses-permission android:name="android.permission.POST_NOTIFICATIONS" />
33-->[com.google.firebase:firebase-messaging:25.0.1] AndroidManifest.xml:23:5-77
33-->[com.google.firebase:firebase-messaging:25.0.1] AndroidManifest.xml:23:22-74
34    <uses-permission android:name="android.permission.WAKE_LOCK" /> <!-- Required by older versions of Google Play services to create IID tokens -->
34-->[com.google.firebase:firebase-messaging:25.0.1] AndroidManifest.xml:24:5-68
34-->[com.google.firebase:firebase-messaging:25.0.1] AndroidManifest.xml:24:22-65
35    <uses-permission android:name="com.google.android.c2dm.permission.RECEIVE" />
35-->[com.google.firebase:firebase-messaging:25.0.1] AndroidManifest.xml:26:5-82
35-->[com.google.firebase:firebase-messaging:25.0.1] AndroidManifest.xml:26:22-79
36
37    <permission
37-->[androidx.core:core:1.13.1] AndroidManifest.xml:22:5-24:47
38        android:name="com.chiuko.tennisplay.DYNAMIC_RECEIVER_NOT_EXPORTED_PERMISSION"
38-->[androidx.core:core:1.13.1] AndroidManifest.xml:23:9-81
39        android:protectionLevel="signature" />
39-->[androidx.core:core:1.13.1] AndroidManifest.xml:24:9-44
40
41    <uses-permission android:name="com.chiuko.tennisplay.DYNAMIC_RECEIVER_NOT_EXPORTED_PERMISSION" />
41-->[androidx.core:core:1.13.1] AndroidManifest.xml:26:5-97
41-->[androidx.core:core:1.13.1] AndroidManifest.xml:26:22-94
42
43    <application
43-->src\main\AndroidManifest.xml:3:5-32:19
44        android:allowBackup="true"
44-->src\main\AndroidManifest.xml:4:9-35
45        android:appComponentFactory="androidx.core.app.CoreComponentFactory"
45-->[androidx.core:core:1.13.1] AndroidManifest.xml:28:18-86
46        android:debuggable="true"
47        android:extractNativeLibs="false"
48        android:icon="@mipmap/ic_launcher"
48-->src\main\AndroidManifest.xml:5:9-43
49        android:label="@string/app_name"
49-->src\main\AndroidManifest.xml:6:9-41
50        android:networkSecurityConfig="@xml/network_security_config"
50-->src\main\AndroidManifest.xml:9:9-69
51        android:roundIcon="@mipmap/ic_launcher_round"
51-->src\main\AndroidManifest.xml:7:9-54
52        android:supportsRtl="true"
52-->src\main\AndroidManifest.xml:8:9-35
53        android:theme="@style/AppTheme"
53-->src\main\AndroidManifest.xml:11:9-40
54        android:usesCleartextTraffic="true" >
54-->src\main\AndroidManifest.xml:10:9-44
55        <activity
55-->src\main\AndroidManifest.xml:12:9-23:20
56            android:name="com.chiuko.tennisplay.MainActivity"
56-->src\main\AndroidManifest.xml:14:13-41
57            android:configChanges="orientation|keyboardHidden|keyboard|screenSize|locale|smallestScreenSize|screenLayout|uiMode"
57-->src\main\AndroidManifest.xml:13:13-129
58            android:exported="true"
58-->src\main\AndroidManifest.xml:18:13-36
59            android:label="@string/title_activity_main"
59-->src\main\AndroidManifest.xml:15:13-56
60            android:launchMode="singleTask"
60-->src\main\AndroidManifest.xml:17:13-44
61            android:theme="@style/AppTheme.NoActionBarLaunch" >
61-->src\main\AndroidManifest.xml:16:13-62
62            <intent-filter>
62-->src\main\AndroidManifest.xml:19:13-22:29
63                <action android:name="android.intent.action.MAIN" />
63-->src\main\AndroidManifest.xml:20:17-69
63-->src\main\AndroidManifest.xml:20:25-66
64
65                <category android:name="android.intent.category.LAUNCHER" />
65-->src\main\AndroidManifest.xml:21:17-77
65-->src\main\AndroidManifest.xml:21:27-74
66            </intent-filter>
67        </activity>
68
69        <provider
70            android:name="androidx.core.content.FileProvider"
70-->src\main\AndroidManifest.xml:26:13-62
71            android:authorities="com.chiuko.tennisplay.fileprovider"
71-->src\main\AndroidManifest.xml:27:13-64
72            android:exported="false"
72-->src\main\AndroidManifest.xml:28:13-37
73            android:grantUriPermissions="true" >
73-->src\main\AndroidManifest.xml:29:13-47
74            <meta-data
74-->src\main\AndroidManifest.xml:30:13-112
75                android:name="android.support.FILE_PROVIDER_PATHS"
75-->src\main\AndroidManifest.xml:30:24-74
76                android:resource="@xml/file_paths" />
76-->src\main\AndroidManifest.xml:30:75-109
77        </provider>
78
79        <service
79-->[:capacitor-push-notifications] AndroidManifest.xml:8:9-14:19
80            android:name="com.capacitorjs.plugins.pushnotifications.MessagingService"
80-->[:capacitor-push-notifications] AndroidManifest.xml:9:13-86
81            android:exported="false" >
81-->[:capacitor-push-notifications] AndroidManifest.xml:10:13-37
82            <intent-filter>
82-->[:capacitor-push-notifications] AndroidManifest.xml:11:13-13:29
83                <action android:name="com.google.firebase.MESSAGING_EVENT" />
83-->[:capacitor-push-notifications] AndroidManifest.xml:12:17-78
83-->[:capacitor-push-notifications] AndroidManifest.xml:12:25-75
84            </intent-filter>
85        </service> <!-- Line SDK Configuration -->
86        <meta-data
86-->[:aile-capacitor-line-login] AndroidManifest.xml:14:9-16:55
87            android:name="com.linecorp.linesdk.ChannelId"
87-->[:aile-capacitor-line-login] AndroidManifest.xml:15:13-58
88            android:value="@string/line_channel_id" /> <!-- Line SDK Authentication Activity with conflict resolution -->
88-->[:aile-capacitor-line-login] AndroidManifest.xml:16:13-52
89        <activity
89-->[:aile-capacitor-line-login] AndroidManifest.xml:19:9-34:20
90            android:name="com.linecorp.linesdk.auth.internal.LineAuthenticationActivity"
90-->[:aile-capacitor-line-login] AndroidManifest.xml:20:13-89
91            android:configChanges="orientation|screenSize|keyboardHidden"
91-->[com.linecorp.linesdk:linesdk:5.11.1] AndroidManifest.xml:32:13-74
92            android:exported="true"
92-->[:aile-capacitor-line-login] AndroidManifest.xml:21:13-36
93            android:launchMode="singleTop"
93-->[com.linecorp.linesdk:linesdk:5.11.1] AndroidManifest.xml:34:13-43
94            android:theme="@android:style/Theme.Translucent.NoTitleBar" >
94-->[:aile-capacitor-line-login] AndroidManifest.xml:22:13-72
95            <intent-filter>
95-->[:aile-capacitor-line-login] AndroidManifest.xml:24:13-33:29
96                <action android:name="android.intent.action.VIEW" />
96-->[:aile-capacitor-line-login] AndroidManifest.xml:25:17-69
96-->[:aile-capacitor-line-login] AndroidManifest.xml:25:25-66
97
98                <category android:name="android.intent.category.DEFAULT" />
98-->[:aile-capacitor-line-login] AndroidManifest.xml:27:17-76
98-->[:aile-capacitor-line-login] AndroidManifest.xml:27:27-73
99                <category android:name="android.intent.category.BROWSABLE" />
99-->[:aile-capacitor-line-login] AndroidManifest.xml:28:17-78
99-->[:aile-capacitor-line-login] AndroidManifest.xml:28:27-75
100
101                <data
101-->[:aile-capacitor-line-login] AndroidManifest.xml:30:17-32:46
102                    android:host="lineauth"
102-->[:aile-capacitor-line-login] AndroidManifest.xml:31:21-44
103                    android:scheme="https" />
103-->[:aile-capacitor-line-login] AndroidManifest.xml:32:21-43
104            </intent-filter>
105        </activity>
106        <activity
106-->[com.linecorp.linesdk:linesdk:5.11.1] AndroidManifest.xml:22:9-24:59
107            android:name="com.linecorp.linesdk.openchat.ui.CreateOpenChatActivity"
107-->[com.linecorp.linesdk:linesdk:5.11.1] AndroidManifest.xml:23:13-83
108            android:theme="@style/AppTheme.NoActionBar" />
108-->[com.linecorp.linesdk:linesdk:5.11.1] AndroidManifest.xml:24:13-56
109        <activity
109-->[com.linecorp.linesdk:linesdk:5.11.1] AndroidManifest.xml:36:9-48:20
110            android:name="com.linecorp.linesdk.auth.internal.LineAuthenticationCallbackActivity"
110-->[com.linecorp.linesdk:linesdk:5.11.1] AndroidManifest.xml:37:13-97
111            android:configChanges="orientation|screenSize|keyboardHidden"
111-->[com.linecorp.linesdk:linesdk:5.11.1] AndroidManifest.xml:38:13-74
112            android:exported="true" >
112-->[com.linecorp.linesdk:linesdk:5.11.1] AndroidManifest.xml:39:13-36
113            <intent-filter>
113-->[com.linecorp.linesdk:linesdk:5.11.1] AndroidManifest.xml:40:13-47:29
114                <action android:name="android.intent.action.VIEW" />
114-->[:aile-capacitor-line-login] AndroidManifest.xml:25:17-69
114-->[:aile-capacitor-line-login] AndroidManifest.xml:25:25-66
115
116                <category android:name="android.intent.category.DEFAULT" />
116-->[:aile-capacitor-line-login] AndroidManifest.xml:27:17-76
116-->[:aile-capacitor-line-login] AndroidManifest.xml:27:27-73
117                <category android:name="android.intent.category.BROWSABLE" />
117-->[:aile-capacitor-line-login] AndroidManifest.xml:28:17-78
117-->[:aile-capacitor-line-login] AndroidManifest.xml:28:27-75
118
119                <data android:scheme="lineauth" />
119-->[:aile-capacitor-line-login] AndroidManifest.xml:30:17-32:46
119-->[:aile-capacitor-line-login] AndroidManifest.xml:32:21-43
120            </intent-filter>
121        </activity>
122
123        <receiver
123-->[com.google.firebase:firebase-messaging:25.0.1] AndroidManifest.xml:29:9-40:20
124            android:name="com.google.firebase.iid.FirebaseInstanceIdReceiver"
124-->[com.google.firebase:firebase-messaging:25.0.1] AndroidManifest.xml:30:13-78
125            android:exported="true"
125-->[com.google.firebase:firebase-messaging:25.0.1] AndroidManifest.xml:31:13-36
126            android:permission="com.google.android.c2dm.permission.SEND" >
126-->[com.google.firebase:firebase-messaging:25.0.1] AndroidManifest.xml:32:13-73
127            <intent-filter>
127-->[com.google.firebase:firebase-messaging:25.0.1] AndroidManifest.xml:33:13-35:29
128                <action android:name="com.google.android.c2dm.intent.RECEIVE" />
128-->[com.google.firebase:firebase-messaging:25.0.1] AndroidManifest.xml:34:17-81
128-->[com.google.firebase:firebase-messaging:25.0.1] AndroidManifest.xml:34:25-78
129            </intent-filter>
130
131            <meta-data
131-->[com.google.firebase:firebase-messaging:25.0.1] AndroidManifest.xml:37:13-39:40
132                android:name="com.google.android.gms.cloudmessaging.FINISHED_AFTER_HANDLED"
132-->[com.google.firebase:firebase-messaging:25.0.1] AndroidManifest.xml:38:17-92
133                android:value="true" />
133-->[com.google.firebase:firebase-messaging:25.0.1] AndroidManifest.xml:39:17-37
134        </receiver>
135        <!--
136             FirebaseMessagingService performs security checks at runtime,
137             but set to not exported to explicitly avoid allowing another app to call it.
138        -->
139        <service
139-->[com.google.firebase:firebase-messaging:25.0.1] AndroidManifest.xml:46:9-53:19
140            android:name="com.google.firebase.messaging.FirebaseMessagingService"
140-->[com.google.firebase:firebase-messaging:25.0.1] AndroidManifest.xml:47:13-82
141            android:directBootAware="true"
141-->[com.google.firebase:firebase-messaging:25.0.1] AndroidManifest.xml:48:13-43
142            android:exported="false" >
142-->[com.google.firebase:firebase-messaging:25.0.1] AndroidManifest.xml:49:13-37
143            <intent-filter android:priority="-500" >
143-->[:capacitor-push-notifications] AndroidManifest.xml:11:13-13:29
144                <action android:name="com.google.firebase.MESSAGING_EVENT" />
144-->[:capacitor-push-notifications] AndroidManifest.xml:12:17-78
144-->[:capacitor-push-notifications] AndroidManifest.xml:12:25-75
145            </intent-filter>
146        </service>
147        <service
147-->[com.google.firebase:firebase-messaging:25.0.1] AndroidManifest.xml:54:9-63:19
148            android:name="com.google.firebase.components.ComponentDiscoveryService"
148-->[com.google.firebase:firebase-messaging:25.0.1] AndroidManifest.xml:55:13-84
149            android:directBootAware="true"
149-->[com.google.firebase:firebase-common:22.0.1] AndroidManifest.xml:32:13-43
150            android:exported="false" >
150-->[com.google.firebase:firebase-messaging:25.0.1] AndroidManifest.xml:56:13-37
151            <meta-data
151-->[com.google.firebase:firebase-messaging:25.0.1] AndroidManifest.xml:57:13-59:85
152                android:name="com.google.firebase.components:com.google.firebase.messaging.FirebaseMessagingKtxRegistrar"
152-->[com.google.firebase:firebase-messaging:25.0.1] AndroidManifest.xml:58:17-122
153                android:value="com.google.firebase.components.ComponentRegistrar" />
153-->[com.google.firebase:firebase-messaging:25.0.1] AndroidManifest.xml:59:17-82
154            <meta-data
154-->[com.google.firebase:firebase-messaging:25.0.1] AndroidManifest.xml:60:13-62:85
155                android:name="com.google.firebase.components:com.google.firebase.messaging.FirebaseMessagingRegistrar"
155-->[com.google.firebase:firebase-messaging:25.0.1] AndroidManifest.xml:61:17-119
156                android:value="com.google.firebase.components.ComponentRegistrar" />
156-->[com.google.firebase:firebase-messaging:25.0.1] AndroidManifest.xml:62:17-82
157            <meta-data
157-->[com.google.firebase:firebase-installations:18.0.0] AndroidManifest.xml:15:13-17:85
158                android:name="com.google.firebase.components:com.google.firebase.installations.FirebaseInstallationsKtxRegistrar"
158-->[com.google.firebase:firebase-installations:18.0.0] AndroidManifest.xml:16:17-130
159                android:value="com.google.firebase.components.ComponentRegistrar" />
159-->[com.google.firebase:firebase-installations:18.0.0] AndroidManifest.xml:17:17-82
160            <meta-data
160-->[com.google.firebase:firebase-installations:18.0.0] AndroidManifest.xml:18:13-20:85
161                android:name="com.google.firebase.components:com.google.firebase.installations.FirebaseInstallationsRegistrar"
161-->[com.google.firebase:firebase-installations:18.0.0] AndroidManifest.xml:19:17-127
162                android:value="com.google.firebase.components.ComponentRegistrar" />
162-->[com.google.firebase:firebase-installations:18.0.0] AndroidManifest.xml:20:17-82
163            <meta-data
163-->[com.google.firebase:firebase-common:22.0.1] AndroidManifest.xml:35:13-37:85
164                android:name="com.google.firebase.components:com.google.firebase.FirebaseCommonKtxRegistrar"
164-->[com.google.firebase:firebase-common:22.0.1] AndroidManifest.xml:36:17-109
165                android:value="com.google.firebase.components.ComponentRegistrar" />
165-->[com.google.firebase:firebase-common:22.0.1] AndroidManifest.xml:37:17-82
166            <meta-data
166-->[com.google.firebase:firebase-datatransport:18.2.0] AndroidManifest.xml:25:13-27:85
167                android:name="com.google.firebase.components:com.google.firebase.datatransport.TransportRegistrar"
167-->[com.google.firebase:firebase-datatransport:18.2.0] AndroidManifest.xml:26:17-115
168                android:value="com.google.firebase.components.ComponentRegistrar" />
168-->[com.google.firebase:firebase-datatransport:18.2.0] AndroidManifest.xml:27:17-82
169        </service>
170
171        <activity
171-->[com.google.android.gms:play-services-base:18.5.0] AndroidManifest.xml:5:9-173
172            android:name="com.google.android.gms.common.api.GoogleApiActivity"
172-->[com.google.android.gms:play-services-base:18.5.0] AndroidManifest.xml:5:19-85
173            android:exported="false"
173-->[com.google.android.gms:play-services-base:18.5.0] AndroidManifest.xml:5:146-170
174            android:theme="@android:style/Theme.Translucent.NoTitleBar" />
174-->[com.google.android.gms:play-services-base:18.5.0] AndroidManifest.xml:5:86-145
175
176        <provider
176-->[androidx.emoji2:emoji2:1.3.0] AndroidManifest.xml:24:9-32:20
177            android:name="androidx.startup.InitializationProvider"
177-->[androidx.emoji2:emoji2:1.3.0] AndroidManifest.xml:25:13-67
178            android:authorities="com.chiuko.tennisplay.androidx-startup"
178-->[androidx.emoji2:emoji2:1.3.0] AndroidManifest.xml:26:13-68
179            android:exported="false" >
179-->[androidx.emoji2:emoji2:1.3.0] AndroidManifest.xml:27:13-37
180            <meta-data
180-->[androidx.emoji2:emoji2:1.3.0] AndroidManifest.xml:29:13-31:52
181                android:name="androidx.emoji2.text.EmojiCompatInitializer"
181-->[androidx.emoji2:emoji2:1.3.0] AndroidManifest.xml:30:17-75
182                android:value="androidx.startup" />
182-->[androidx.emoji2:emoji2:1.3.0] AndroidManifest.xml:31:17-49
183            <meta-data
183-->[androidx.lifecycle:lifecycle-process:2.6.2] AndroidManifest.xml:29:13-31:52
184                android:name="androidx.lifecycle.ProcessLifecycleInitializer"
184-->[androidx.lifecycle:lifecycle-process:2.6.2] AndroidManifest.xml:30:17-78
185                android:value="androidx.startup" />
185-->[androidx.lifecycle:lifecycle-process:2.6.2] AndroidManifest.xml:31:17-49
186            <meta-data
186-->[androidx.profileinstaller:profileinstaller:1.3.1] AndroidManifest.xml:29:13-31:52
187                android:name="androidx.profileinstaller.ProfileInstallerInitializer"
187-->[androidx.profileinstaller:profileinstaller:1.3.1] AndroidManifest.xml:30:17-85
188                android:value="androidx.startup" />
188-->[androidx.profileinstaller:profileinstaller:1.3.1] AndroidManifest.xml:31:17-49
189        </provider>
190        <provider
190-->[com.google.firebase:firebase-common:22.0.1] AndroidManifest.xml:23:9-28:39
191            android:name="com.google.firebase.provider.FirebaseInitProvider"
191-->[com.google.firebase:firebase-common:22.0.1] AndroidManifest.xml:24:13-77
192            android:authorities="com.chiuko.tennisplay.firebaseinitprovider"
192-->[com.google.firebase:firebase-common:22.0.1] AndroidManifest.xml:25:13-72
193            android:directBootAware="true"
193-->[com.google.firebase:firebase-common:22.0.1] AndroidManifest.xml:26:13-43
194            android:exported="false"
194-->[com.google.firebase:firebase-common:22.0.1] AndroidManifest.xml:27:13-37
195            android:initOrder="100" />
195-->[com.google.firebase:firebase-common:22.0.1] AndroidManifest.xml:28:13-36
196
197        <meta-data
197-->[com.google.android.gms:play-services-basement:18.4.0] AndroidManifest.xml:6:9-122
198            android:name="com.google.android.gms.version"
198-->[com.google.android.gms:play-services-basement:18.4.0] AndroidManifest.xml:6:20-65
199            android:value="@integer/google_play_services_version" />
199-->[com.google.android.gms:play-services-basement:18.4.0] AndroidManifest.xml:6:66-119
200
201        <provider
201-->[com.squareup.picasso:picasso:2.8] AndroidManifest.xml:8:9-11:40
202            android:name="com.squareup.picasso.PicassoProvider"
202-->[com.squareup.picasso:picasso:2.8] AndroidManifest.xml:9:13-64
203            android:authorities="com.chiuko.tennisplay.com.squareup.picasso"
203-->[com.squareup.picasso:picasso:2.8] AndroidManifest.xml:10:13-72
204            android:exported="false" />
204-->[com.squareup.picasso:picasso:2.8] AndroidManifest.xml:11:13-37
205
206        <service
206-->[com.google.android.datatransport:transport-backend-cct:3.1.9] AndroidManifest.xml:28:9-34:19
207            android:name="com.google.android.datatransport.runtime.backends.TransportBackendDiscovery"
207-->[com.google.android.datatransport:transport-backend-cct:3.1.9] AndroidManifest.xml:29:13-103
208            android:exported="false" >
208-->[com.google.android.datatransport:transport-backend-cct:3.1.9] AndroidManifest.xml:30:13-37
209            <meta-data
209-->[com.google.android.datatransport:transport-backend-cct:3.1.9] AndroidManifest.xml:31:13-33:39
210                android:name="backend:com.google.android.datatransport.cct.CctBackendFactory"
210-->[com.google.android.datatransport:transport-backend-cct:3.1.9] AndroidManifest.xml:32:17-94
211                android:value="cct" />
211-->[com.google.android.datatransport:transport-backend-cct:3.1.9] AndroidManifest.xml:33:17-36
212        </service>
213        <service
213-->[com.google.android.datatransport:transport-runtime:3.1.9] AndroidManifest.xml:26:9-30:19
214            android:name="com.google.android.datatransport.runtime.scheduling.jobscheduling.JobInfoSchedulerService"
214-->[com.google.android.datatransport:transport-runtime:3.1.9] AndroidManifest.xml:27:13-117
215            android:exported="false"
215-->[com.google.android.datatransport:transport-runtime:3.1.9] AndroidManifest.xml:28:13-37
216            android:permission="android.permission.BIND_JOB_SERVICE" >
216-->[com.google.android.datatransport:transport-runtime:3.1.9] AndroidManifest.xml:29:13-69
217        </service>
218
219        <receiver
219-->[com.google.android.datatransport:transport-runtime:3.1.9] AndroidManifest.xml:32:9-34:40
220            android:name="com.google.android.datatransport.runtime.scheduling.jobscheduling.AlarmManagerSchedulerBroadcastReceiver"
220-->[com.google.android.datatransport:transport-runtime:3.1.9] AndroidManifest.xml:33:13-132
221            android:exported="false" />
221-->[com.google.android.datatransport:transport-runtime:3.1.9] AndroidManifest.xml:34:13-37
222        <receiver
222-->[androidx.profileinstaller:profileinstaller:1.3.1] AndroidManifest.xml:34:9-52:20
223            android:name="androidx.profileinstaller.ProfileInstallReceiver"
223-->[androidx.profileinstaller:profileinstaller:1.3.1] AndroidManifest.xml:35:13-76
224            android:directBootAware="false"
224-->[androidx.profileinstaller:profileinstaller:1.3.1] AndroidManifest.xml:36:13-44
225            android:enabled="true"
225-->[androidx.profileinstaller:profileinstaller:1.3.1] AndroidManifest.xml:37:13-35
226            android:exported="true"
226-->[androidx.profileinstaller:profileinstaller:1.3.1] AndroidManifest.xml:38:13-36
227            android:permission="android.permission.DUMP" >
227-->[androidx.profileinstaller:profileinstaller:1.3.1] AndroidManifest.xml:39:13-57
228            <intent-filter>
228-->[androidx.profileinstaller:profileinstaller:1.3.1] AndroidManifest.xml:40:13-42:29
229                <action android:name="androidx.profileinstaller.action.INSTALL_PROFILE" />
229-->[androidx.profileinstaller:profileinstaller:1.3.1] AndroidManifest.xml:41:17-91
229-->[androidx.profileinstaller:profileinstaller:1.3.1] AndroidManifest.xml:41:25-88
230            </intent-filter>
231            <intent-filter>
231-->[androidx.profileinstaller:profileinstaller:1.3.1] AndroidManifest.xml:43:13-45:29
232                <action android:name="androidx.profileinstaller.action.SKIP_FILE" />
232-->[androidx.profileinstaller:profileinstaller:1.3.1] AndroidManifest.xml:44:17-85
232-->[androidx.profileinstaller:profileinstaller:1.3.1] AndroidManifest.xml:44:25-82
233            </intent-filter>
234            <intent-filter>
234-->[androidx.profileinstaller:profileinstaller:1.3.1] AndroidManifest.xml:46:13-48:29
235                <action android:name="androidx.profileinstaller.action.SAVE_PROFILE" />
235-->[androidx.profileinstaller:profileinstaller:1.3.1] AndroidManifest.xml:47:17-88
235-->[androidx.profileinstaller:profileinstaller:1.3.1] AndroidManifest.xml:47:25-85
236            </intent-filter>
237            <intent-filter>
237-->[androidx.profileinstaller:profileinstaller:1.3.1] AndroidManifest.xml:49:13-51:29
238                <action android:name="androidx.profileinstaller.action.BENCHMARK_OPERATION" />
238-->[androidx.profileinstaller:profileinstaller:1.3.1] AndroidManifest.xml:50:17-95
238-->[androidx.profileinstaller:profileinstaller:1.3.1] AndroidManifest.xml:50:25-92
239            </intent-filter>
240        </receiver>
241    </application>
242
243</manifest>